[master (root-commit) 8be24e6] Make IRCclient
 15 files changed, 880 insertions(+)
 create mode 100644 .local.git.out
 create mode 100644 Makefile
 create mode 100755 TestIRCServer
 create mode 100644 TestIRCServer.c
 create mode 100755 entry
 create mode 100644 entry.c
 create mode 100755 hello
 create mode 100644 hello.c
 create mode 100755 panned
 create mode 100644 panned.c
 create mode 100755 radio
 create mode 100644 radio.c
 create mode 100644 talk-client.c
 create mode 100755 timer
 create mode 100644 timer.c
[master be17023] Make IRCclient
 2 files changed, 165 insertions(+)
 create mode 100644 IRCClient.cc
[master 2469054] Make IRCclient
 2 files changed, 6 insertions(+)
[master 39e6025] Make IRCclient
 2 files changed, 3 insertions(+), 1 deletion(-)
[master 85266d8] Make IRCclient
 1 file changed, 2 insertions(+)
[master 42ad961] Make IRCclient
 3 files changed, 4 insertions(+), 2 deletions(-)
 create mode 100755 IRCClient
[master 48722c3] Make IRCclient
 3 files changed, 7 insertions(+), 1 deletion(-)
[master 52fd0ca] Make IRCclient
 3 files changed, 3 insertions(+)
[master 5374d1c] Make IRCclient
 3 files changed, 6 insertions(+), 2 deletions(-)
[master 61eb26a] Make IRCclient
 3 files changed, 6 insertions(+), 2 deletions(-)
[master 5308941] Make IRCclient
 3 files changed, 8 insertions(+), 1 deletion(-)
[master 4f1287e] Make IRCclient
 1 file changed, 2 insertions(+)
[master 2c808b5] Make IRCclient
 1 file changed, 2 insertions(+)
[master 3cfb4a1] Make IRCclient
 3 files changed, 3 insertions(+), 1 deletion(-)
[master 51a3a2d] Make IRCclient
 1 file changed, 2 insertions(+)
[master 0c67730] Make IRCclient
 3 files changed, 3 insertions(+), 1 deletion(-)
[master 510d04d] Make IRCclient
 3 files changed, 4 insertions(+), 2 deletions(-)
[master c326770] Make IRCclient
 3 files changed, 3 insertions(+), 1 deletion(-)
[master 5ecf6ca] Make IRCclient
 3 files changed, 3 insertions(+), 1 deletion(-)
[master 328e81d] Make IRCclient
 3 files changed, 3 insertions(+), 1 deletion(-)
[master bad8494] Make IRCclient
 3 files changed, 3 insertions(+), 1 deletion(-)
[master 0abc0e7] Make IRCclient
 3 files changed, 7 insertions(+)
[master 7502cd5] Make IRCclient
 3 files changed, 3 insertions(+), 1 deletion(-)
[master c06b826] Make IRCclient
 3 files changed, 3 insertions(+), 1 deletion(-)
